<?xml version="1.0" encoding="UTF-8"?>
<testng-results ignored="0" total="1" passed="1" failed="0" skipped="0">
  <reporter-output>
  </reporter-output>
  <suite started-at="2022-07-15T20:30:23 IST" name="Suite" finished-at="2022-07-15T20:30:23 IST" duration-ms="61">
    <groups>
    </groups>
    <test started-at="2022-07-15T20:30:23 IST" name="Test" finished-at="2022-07-15T20:30:23 IST" duration-ms="61">
      <class name="com.testng.Parameterized_Test">
        <test-method signature="credentials(java.lang.String,java.lang.String)[pri:0, instance:com.testng.Parameterized_Test@120f102b]" started-at="2022-07-15T20:30:23 IST" name="credentials" finished-at="2022-07-15T20:30:23 IST" duration-ms="9" status="PASS">
          <params>
            <param index="0">
              <value>
                <![CDATA[james]]>
              </value>
            </param>
            <param index="1">
              <value>
                <![CDATA[james@123]]>
              </value>
            </param>
          </params>
          <reporter-output>
          </reporter-output>
        </test-method> <!-- credentials -->
      </class> <!-- com.testng.Parameterized_Test -->
    </test> <!-- Test -->
  </suite> <!-- Suite -->
</testng-results>
